<?xml version="1.0" encoding="UTF-8"?>
<!-- Generated by org.testng.reporters.JUnitReportReporter -->
<testsuite skipped="0" hostname="DESKTOP-0MPBAPB" name="com.inetbanking.testCases.TC_loginTest_001" tests="1" failures="0" timestamp="26 Feb 2020 18:06:34 GMT" time="2.067" errors="0">
  <testcase name="inetBankingLoginTest" time="2.067" classname="com.inetbanking.testCases.TC_loginTest_001"/>
</testsuite> <!-- com.inetbanking.testCases.TC_loginTest_001 -->
